<?xml version='1.0' encoding='UTF-8'?>
<testsuite hostname="Max" name="dmndpl.blomo.HelloWorldSpec" tests="2" errors="0" failures="0" skipped="0" time="0.794" timestamp="2021-02-03T17:08:54">
                     <properties>
[...]
</properties>
                     <testcase classname="dmndpl.blomo.HelloWorldSpec" name="HelloWorld returns status code 200" time="0.695">
                                                 
                                               </testcase><testcase classname="dmndpl.blomo.HelloWorldSpec" name="HelloWorld returns hello world message" time="0.099">
                                                 
                                               </testcase>
                     <system-out><![CDATA[]]></system-out>
                     <system-err><![CDATA[]]></system-err>
                   </testsuite>